<?xml version="1.0" encoding="UTF-8"?>
<testsuite xmlns:xsi="http://www.w3.org/2001/XMLSchema-instance" xsi:noNamespaceSchemaLocation="https://maven.apache.org/surefire/maven-surefire-plugin/xsd/surefire-test-report.xsd" name="org.powertac.visualizer.web.rest.UserResourceIntTest" time="0.027" tests="3" errors="0" skipped="0" failures="0">
  <properties>
    <property name="sun.desktop" value="gnome"/>
    <property name="awt.toolkit" value="sun.awt.X11.XToolkit"/>
    <property name="java.specification.version" value="11"/>
    <property name="sun.cpu.isalist" value=""/>
    <property name="sun.jnu.encoding" value="UTF-8"/>
    <property name="java.class.path" value="/home/jcollins/.m2/repository/org/apache/maven/surefire/surefire-booter/2.22.2/surefire-booter-2.22.2.jar:/home/jcollins/.m2/repository/org/apache/maven/surefire/surefire-api/2.22.2/surefire-api-2.22.2.jar:/home/jcollins/.m2/repository/org/apache/maven/surefire/surefire-logger-api/2.22.2/surefire-logger-api-2.22.2.jar:/home/jcollins/development/powertac/powertac-server/visualizer2/target/test-classes:/home/jcollins/development/powertac/powertac-server/visualizer2/target/classes:/home/jcollins/development/powertac/powertac-server/server-interface/target/server-interface-1.9.1-SNAPSHOT.jar:/home/jcollins/development/powertac/powertac-server/logtool-core/target/logtool-core-1.9.1-SNAPSHOT.jar:/home/jcollins/development/powertac/powertac-server/default-broker/target/default-broker-1.9.1-SNAPSHOT.jar:/home/jcollins/development/powertac/powertac-server/customer-models/target/customer-models-1.9.1-SNAPSHOT.jar:/home/jcollins/.m2/repository/org/apache/commons/commons-math3/3.6.1/commons-math3-3.6.1.jar:/home/jcollins/.m2/repository/com/joptimizer/joptimizer/3.5.1/joptimizer-3.5.1.jar:/home/jcollins/.m2/repository/colt/colt/1.2.0/colt-1.2.0.jar:/home/jcollins/.m2/repository/concurrent/concurrent/1.3.4/concurrent-1.3.4.jar:/home/jcollins/.m2/repository/net/sourceforge/csparsej/csparsej/1.1.1/csparsej-1.1.1.jar:/home/jcollins/.m2/repository/org/apache/commons/commons-csv/1.3/commons-csv-1.3.jar:/home/jcollins/development/powertac/powertac-server/evcustomer/target/evcustomer-1.9.1-SNAPSHOT.jar:/home/jcollins/development/powertac/powertac-server/factored-customer/target/factored-customer-1.9.1-SNAPSHOT.jar:/home/jcollins/development/powertac/powertac-server/genco/target/genco-1.9.1-SNAPSHOT.jar:/home/jcollins/.m2/repository/org/apache/commons/commons-compress/1.21/commons-compress-1.21.jar:/home/jcollins/development/powertac/powertac-server/server-main/target/server-main-1.9.1-SNAPSHOT.jar:/home/jcollins/development/powertac/powertac-server/accounting/target/accounting-1.9.1-SNAPSHOT.jar:/home/jcollins/development/powertac/powertac-server/auctioneer/target/auctioneer-1.9.1-SNAPSHOT.jar:/home/jcollins/development/powertac/powertac-server/distribution-utility/target/distribution-utility-1.9.1-SNAPSHOT.jar:/home/jcollins/development/powertac/powertac-server/household-customer/target/household-customer-1.9.1-SNAPSHOT.jar:/home/jcollins/development/powertac/powertac-server/officecomplex-customer/target/officecomplex-customer-1.9.1-SNAPSHOT.jar:/home/jcollins/development/powertac/powertac-server/balancing-market/target/balancing-market-1.9.1-SNAPSHOT.jar:/home/jcollins/.m2/repository/org/springframework/spring-jms/5.3.20/spring-jms-5.3.20.jar:/home/jcollins/.m2/repository/org/springframework/spring-tx/5.3.18/spring-tx-5.3.18.jar:/home/jcollins/.m2/repository/org/apache/activemq/activemq-broker/5.15.11/activemq-broker-5.15.11.jar:/home/jcollins/.m2/repository/org/apache/activemq/activemq-client/5.16.4/activemq-client-5.16.4.jar:/home/jcollins/.m2/repository/org/apache/geronimo/specs/geronimo-jms_1.1_spec/1.1.1/geronimo-jms_1.1_spec-1.1.1.jar:/home/jcollins/.m2/repository/org/fusesource/hawtbuf/hawtbuf/1.11/hawtbuf-1.11.jar:/home/jcollins/.m2/repository/org/apache/geronimo/specs/geronimo-j2ee-management_1.1_spec/1.0.1/geronimo-j2ee-management_1.1_spec-1.0.1.jar:/home/jcollins/.m2/repository/org/apache/activemq/activemq-openwire-legacy/5.16.4/activemq-openwire-legacy-5.16.4.jar:/home/jcollins/.m2/repository/com/google/guava/guava/28.0-jre/guava-28.0-jre.jar:/home/jcollins/.m2/repository/com/google/guava/failureaccess/1.0.1/failureaccess-1.0.1.jar:/home/jcollins/.m2/repository/com/google/guava/listenablefuture/9999.0-empty-to-avoid-conflict-with-guava/listenablefuture-9999.0-empty-to-avoid-conflict-with-guava.jar:/home/jcollins/.m2/repository/org/checkerframework/checker-qual/2.8.1/checker-qual-2.8.1.jar:/home/jcollins/.m2/repository/com/google/errorprone/error_prone_annotations/2.3.2/error_prone_annotations-2.3.2.jar:/home/jcollins/.m2/repository/com/google/j2objc/j2objc-annotations/1.3/j2objc-annotations-1.3.jar:/home/jcollins/.m2/repository/org/codehaus/mojo/animal-sniffer-annotations/1.17/animal-sniffer-annotations-1.17.jar:/home/jcollins/.m2/repository/org/apache/activemq/activemq-pool/5.15.11/activemq-pool-5.15.11.jar:/home/jcollins/.m2/repository/org/apache/activemq/activemq-jms-pool/5.16.4/activemq-jms-pool-5.16.4.jar:/home/jcollins/.m2/repository/org/apache/geronimo/specs/geronimo-jta_1.1_spec/1.1.1/geronimo-jta_1.1_spec-1.1.1.jar:/home/jcollins/.m2/repository/org/apache/commons/commons-pool2/2.11.1/commons-pool2-2.11.1.jar:/home/jcollins/.m2/repository/net/sf/jopt-simple/jopt-simple/5.0.4/jopt-simple-5.0.4.jar:/home/jcollins/.m2/repository/com/fasterxml/jackson/datatype/jackson-datatype-hibernate5/2.13.2/jackson-datatype-hibernate5-2.13.2.jar:/home/jcollins/.m2/repository/javax/transaction/javax.transaction-api/1.3/javax.transaction-api-1.3.jar:/home/jcollins/.m2/repository/com/fasterxml/jackson/core/jackson-core/2.13.2/jackson-core-2.13.2.jar:/home/jcollins/.m2/repository/com/fasterxml/jackson/core/jackson-databind/2.13.2.2/jackson-databind-2.13.2.2.jar:/home/jcollins/.m2/repository/com/fasterxml/jackson/datatype/jackson-datatype-hppc/2.13.2/jackson-datatype-hppc-2.13.2.jar:/home/jcollins/.m2/repository/com/carrotsearch/hppc/0.8.1/hppc-0.8.1.jar:/home/jcollins/.m2/repository/com/fasterxml/jackson/datatype/jackson-datatype-json-org/2.13.2/jackson-datatype-json-org-2.13.2.jar:/home/jcollins/.m2/repository/com/fasterxml/jackson/datatype/jackson-datatype-jsr310/2.13.2/jackson-datatype-jsr310-2.13.2.jar:/home/jcollins/.m2/repository/com/fasterxml/jackson/core/jackson-annotations/2.13.2/jackson-annotations-2.13.2.jar:/home/jcollins/.m2/repository/com/fasterxml/jackson/datatype/jackson-datatype-joda/2.13.2/jackson-datatype-joda-2.13.2.jar:/home/jcollins/.m2/repository/joda-time/joda-time/2.10.3/joda-time-2.10.3.jar:/home/jcollins/.m2/repository/com/h2database/h2/1.4.200/h2-1.4.200.jar:/home/jcollins/.m2/repository/com/jayway/jsonpath/json-path/2.6.0/json-path-2.6.0.jar:/home/jcollins/.m2/repository/net/minidev/json-smart/2.4.8/json-smart-2.4.8.jar:/home/jcollins/.m2/repository/net/minidev/accessors-smart/2.4.8/accessors-smart-2.4.8.jar:/home/jcollins/.m2/repository/org/ow2/asm/asm/9.1/asm-9.1.jar:/home/jcollins/.m2/repository/org/slf4j/slf4j-api/1.7.28/slf4j-api-1.7.28.jar:/home/jcollins/.m2/repository/com/mattbertolini/liquibase-slf4j/2.0.0/liquibase-slf4j-2.0.0.jar:/home/jcollins/.m2/repository/com/ryantenney/metrics/metrics-spring/3.1.3/metrics-spring-3.1.3.jar:/home/jcollins/.m2/repository/io/dropwizard/metrics/metrics-healthchecks/4.2.9/metrics-healthchecks-4.2.9.jar:/home/jcollins/.m2/repository/org/springframework/spring-core/5.3.20/spring-core-5.3.20.jar:/home/jcollins/.m2/repository/org/springframework/spring-jcl/5.3.18/spring-jcl-5.3.18.jar:/home/jcollins/.m2/repository/org/springframework/spring-beans/5.3.20/spring-beans-5.3.20.jar:/home/jcollins/.m2/repository/org/springframework/spring-aop/5.3.20/spring-aop-5.3.20.jar:/home/jcollins/.m2/repository/com/zaxxer/HikariCP/3.3.1/HikariCP-3.3.1.jar:/home/jcollins/.m2/repository/commons-io/commons-io/2.7/commons-io-2.7.jar:/home/jcollins/.m2/repository/io/dropwizard/metrics/metrics-annotation/4.2.9/metrics-annotation-4.2.9.jar:/home/jcollins/.m2/repository/io/dropwizard/metrics/metrics-core/4.2.9/metrics-core-4.2.9.jar:/home/jcollins/.m2/repository/io/dropwizard/metrics/metrics-json/4.2.9/metrics-json-4.2.9.jar:/home/jcollins/.m2/repository/io/dropwizard/metrics/metrics-jvm/4.2.9/metrics-jvm-4.2.9.jar:/home/jcollins/.m2/repository/io/dropwizard/metrics/metrics-servlet/4.2.9/metrics-servlet-4.2.9.jar:/home/jcollins/.m2/repository/io/dropwizard/metrics/metrics-servlets/4.2.9/metrics-servlets-4.2.9.jar:/home/jcollins/.m2/repository/com/helger/profiler/1.1.1/profiler-1.1.1.jar:/home/jcollins/.m2/repository/io/prometheus/simpleclient/0.6.0/simpleclient-0.6.0.jar:/home/jcollins/.m2/repository/io/prometheus/simpleclient_dropwizard/0.6.0/simpleclient_dropwizard-0.6.0.jar:/home/jcollins/.m2/repository/io/prometheus/simpleclient_servlet/0.6.0/simpleclient_servlet-0.6.0.jar:/home/jcollins/.m2/repository/io/prometheus/simpleclient_common/0.12.0/simpleclient_common-0.12.0.jar:/home/jcollins/.m2/repository/io/github/jhipster/jhipster/1.3.1/jhipster-1.3.1.jar:/home/jcollins/.m2/repository/javax/cache/cache-api/1.1.1/cache-api-1.1.1.jar:/home/jcollins/.m2/repository/mysql/mysql-connector-java/8.0.28/mysql-connector-java-8.0.28.jar:/home/jcollins/.m2/repository/org/assertj/assertj-core/3.13.2/assertj-core-3.13.2.jar:/home/jcollins/.m2/repository/org/mockito/mockito-core/3.12.4/mockito-core-3.12.4.jar:/home/jcollins/.m2/repository/net/bytebuddy/byte-buddy/1.11.22/byte-buddy-1.11.22.jar:/home/jcollins/.m2/repository/net/bytebuddy/byte-buddy-agent/1.11.22/byte-buddy-agent-1.11.22.jar:/home/jcollins/.m2/repository/org/objenesis/objenesis/3.2/objenesis-3.2.jar:/home/jcollins/.m2/repository/org/awaitility/awaitility/3.1.6/awaitility-3.1.6.jar:/home/jcollins/.m2/repository/org/hamcrest/hamcrest-library/2.2/hamcrest-library-2.2.jar:/home/jcollins/.m2/repository/org/hamcrest/hamcrest-core/2.2/hamcrest-core-2.2.jar:/home/jcollins/.m2/repository/org/ehcache/ehcache/3.9.9/ehcache-3.9.9.jar:/home/jcollins/.m2/repository/org/hibernate/hibernate-envers/5.4.24.Final/hibernate-envers-5.4.24.Final.jar:/home/jcollins/.m2/repository/org/jboss/logging/jboss-logging/3.4.3.Final/jboss-logging-3.4.3.Final.jar:/home/jcollins/.m2/repository/org/hibernate/hibernate-core/5.4.24.Final/hibernate-core-5.4.24.Final.jar:/home/jcollins/.m2/repository/javax/persistence/javax.persistence-api/2.2/javax.persistence-api-2.2.jar:/home/jcollins/.m2/repository/antlr/antlr/2.7.7/antlr-2.7.7.jar:/home/jcollins/.m2/repository/org/jboss/spec/javax/transaction/jboss-transaction-api_1.2_spec/1.1.1.Final/jboss-transaction-api_1.2_spec-1.1.1.Final.jar:/home/jcollins/.m2/repository/org/jboss/jandex/2.1.3.Final/jandex-2.1.3.Final.jar:/home/jcollins/.m2/repository/javax/activation/javax.activation-api/1.2.0/javax.activation-api-1.2.0.jar:/home/jcollins/.m2/repository/org/dom4j/dom4j/2.1.3/dom4j-2.1.3.jar:/home/jcollins/.m2/repository/org/hibernate/common/hibernate-commons-annotations/5.1.2.Final/hibernate-commons-annotations-5.1.2.Final.jar:/home/jcollins/.m2/repository/org/glassfish/jaxb/jaxb-runtime/2.3.6/jaxb-runtime-2.3.6.jar:/home/jcollins/.m2/repository/org/glassfish/jaxb/txw2/2.3.6/txw2-2.3.6.jar:/home/jcollins/.m2/repository/com/sun/istack/istack-commons-runtime/3.0.12/istack-commons-runtime-3.0.12.jar:/home/jcollins/.m2/repository/org/hibernate/hibernate-jcache/5.6.7.Final/hibernate-jcache-5.6.7.Final.jar:/home/jcollins/.m2/repository/org/hibernate/validator/hibernate-validator/6.2.3.Final/hibernate-validator-6.2.3.Final.jar:/home/jcollins/.m2/repository/jakarta/validation/jakarta.validation-api/2.0.2/jakarta.validation-api-2.0.2.jar:/home/jcollins/.m2/repository/com/fasterxml/classmate/1.5.1/classmate-1.5.1.jar:/home/jcollins/.m2/repository/org/liquibase/liquibase-core/4.5.0/liquibase-core-4.5.0.jar:/home/jcollins/.m2/repository/javax/xml/bind/jaxb-api/2.3.1/jaxb-api-2.3.1.jar:/home/jcollins/.m2/repository/org/javassist/javassist/3.25.0-GA/javassist-3.25.0-GA.jar:/home/jcollins/.m2/repository/org/mapstruct/mapstruct/1.4.0.Final/mapstruct-1.4.0.Final.jar:/home/jcollins/.m2/repository/org/springframework/spring-context-support/5.3.18/spring-context-support-5.3.18.jar:/home/jcollins/.m2/repository/org/springframework/spring-context/5.3.20/spring-context-5.3.20.jar:/home/jcollins/.m2/repository/org/springframework/boot/spring-boot-actuator/2.6.6/spring-boot-actuator-2.6.6.jar:/home/jcollins/.m2/repository/org/springframework/boot/spring-boot/2.6.6/spring-boot-2.6.6.jar:/home/jcollins/.m2/repository/org/springframework/boot/spring-boot-autoconfigure/2.6.6/spring-boot-autoconfigure-2.6.6.jar:/home/jcollins/.m2/repository/org/springframework/boot/spring-boot-configuration-processor/2.6.6/spring-boot-configuration-processor-2.6.6.jar:/home/jcollins/.m2/repository/org/springframework/boot/spring-boot-loader-tools/2.6.6/spring-boot-loader-tools-2.6.6.jar:/home/jcollins/.m2/repository/org/springframework/boot/spring-boot-starter-aop/2.6.6/spring-boot-starter-aop-2.6.6.jar:/home/jcollins/.m2/repository/org/springframework/boot/spring-boot-starter/2.6.6/spring-boot-starter-2.6.6.jar:/home/jcollins/.m2/repository/org/yaml/snakeyaml/1.29/snakeyaml-1.29.jar:/home/jcollins/.m2/repository/org/aspectj/aspectjweaver/1.9.7/aspectjweaver-1.9.7.jar:/home/jcollins/.m2/repository/org/springframework/boot/spring-boot-starter-data-jpa/2.6.6/spring-boot-starter-data-jpa-2.6.6.jar:/home/jcollins/.m2/repository/org/springframework/boot/spring-boot-starter-jdbc/2.6.6/spring-boot-starter-jdbc-2.6.6.jar:/home/jcollins/.m2/repository/org/springframework/spring-jdbc/5.3.18/spring-jdbc-5.3.18.jar:/home/jcollins/.m2/repository/jakarta/transaction/jakarta.transaction-api/1.3.3/jakarta.transaction-api-1.3.3.jar:/home/jcollins/.m2/repository/jakarta/persistence/jakarta.persistence-api/2.2.3/jakarta.persistence-api-2.2.3.jar:/home/jcollins/.m2/repository/org/springframework/data/spring-data-jpa/2.6.3/spring-data-jpa-2.6.3.jar:/home/jcollins/.m2/repository/org/springframework/spring-orm/5.3.18/spring-orm-5.3.18.jar:/home/jcollins/.m2/repository/org/springframework/spring-aspects/5.3.18/spring-aspects-5.3.18.jar:/home/jcollins/.m2/repository/org/springframework/boot/spring-boot-starter-log4j2/2.6.6/spring-boot-starter-log4j2-2.6.6.jar:/home/jcollins/.m2/repository/org/apache/logging/log4j/log4j-slf4j-impl/2.17.1/log4j-slf4j-impl-2.17.1.jar:/home/jcollins/.m2/repository/org/apache/logging/log4j/log4j-core/2.17.1/log4j-core-2.17.1.jar:/home/jcollins/.m2/repository/org/apache/logging/log4j/log4j-jul/2.17.2/log4j-jul-2.17.2.jar:/home/jcollins/.m2/repository/org/slf4j/jul-to-slf4j/1.7.36/jul-to-slf4j-1.7.36.jar:/home/jcollins/.m2/repository/org/springframework/boot/spring-boot-starter-mail/2.6.6/spring-boot-starter-mail-2.6.6.jar:/home/jcollins/.m2/repository/com/sun/mail/jakarta.mail/1.6.7/jakarta.mail-1.6.7.jar:/home/jcollins/.m2/repository/com/sun/activation/jakarta.activation/1.2.2/jakarta.activation-1.2.2.jar:/home/jcollins/.m2/repository/org/springframework/boot/spring-boot-starter-security/2.6.6/spring-boot-starter-security-2.6.6.jar:/home/jcollins/.m2/repository/org/springframework/security/spring-security-config/5.6.2/spring-security-config-5.6.2.jar:/home/jcollins/.m2/repository/org/springframework/security/spring-security-web/5.6.2/spring-security-web-5.6.2.jar:/home/jcollins/.m2/repository/org/springframework/boot/spring-boot-starter-test/2.6.6/spring-boot-starter-test-2.6.6.jar:/home/jcollins/.m2/repository/org/springframework/boot/spring-boot-test-autoconfigure/2.6.6/spring-boot-test-autoconfigure-2.6.6.jar:/home/jcollins/.m2/repository/jakarta/xml/bind/jakarta.xml.bind-api/2.3.3/jakarta.xml.bind-api-2.3.3.jar:/home/jcollins/.m2/repository/jakarta/activation/jakarta.activation-api/1.2.2/jakarta.activation-api-1.2.2.jar:/home/jcollins/.m2/repository/org/hamcrest/hamcrest/2.2/hamcrest-2.2.jar:/home/jcollins/.m2/repository/org/mockito/mockito-junit-jupiter/4.0.0/mockito-junit-jupiter-4.0.0.jar:/home/jcollins/.m2/repository/org/skyscreamer/jsonassert/1.5.0/jsonassert-1.5.0.jar:/home/jcollins/.m2/repository/com/vaadin/external/google/android-json/0.0.20131108.vaadin1/android-json-0.0.20131108.vaadin1.jar:/home/jcollins/.m2/repository/org/springframework/spring-test/5.3.20/spring-test-5.3.20.jar:/home/jcollins/.m2/repository/org/xmlunit/xmlunit-core/2.8.4/xmlunit-core-2.8.4.jar:/home/jcollins/.m2/repository/org/springframework/boot/spring-boot-starter-web/2.6.6/spring-boot-starter-web-2.6.6.jar:/home/jcollins/.m2/repository/org/springframework/boot/spring-boot-starter-json/2.6.6/spring-boot-starter-json-2.6.6.jar:/home/jcollins/.m2/repository/com/fasterxml/jackson/datatype/jackson-datatype-jdk8/2.13.2/jackson-datatype-jdk8-2.13.2.jar:/home/jcollins/.m2/repository/com/fasterxml/jackson/module/jackson-module-parameter-names/2.13.2/jackson-module-parameter-names-2.13.2.jar:/home/jcollins/.m2/repository/org/springframework/spring-web/5.3.18/spring-web-5.3.18.jar:/home/jcollins/.m2/repository/org/springframework/spring-webmvc/5.3.18/spring-webmvc-5.3.18.jar:/home/jcollins/.m2/repository/org/springframework/boot/spring-boot-starter-tomcat/2.6.6/spring-boot-starter-tomcat-2.6.6.jar:/home/jcollins/.m2/repository/jakarta/annotation/jakarta.annotation-api/1.3.5/jakarta.annotation-api-1.3.5.jar:/home/jcollins/.m2/repository/org/apache/tomcat/embed/tomcat-embed-core/9.0.60/tomcat-embed-core-9.0.60.jar:/home/jcollins/.m2/repository/org/apache/tomcat/embed/tomcat-embed-el/9.0.60/tomcat-embed-el-9.0.60.jar:/home/jcollins/.m2/repository/org/apache/tomcat/embed/tomcat-embed-websocket/9.0.60/tomcat-embed-websocket-9.0.60.jar:/home/jcollins/.m2/repository/org/glassfish/jakarta.el/3.0.4/jakarta.el-3.0.4.jar:/home/jcollins/.m2/repository/org/springframework/boot/spring-boot-starter-websocket/2.6.6/spring-boot-starter-websocket-2.6.6.jar:/home/jcollins/.m2/repository/org/springframework/spring-messaging/5.3.18/spring-messaging-5.3.18.jar:/home/jcollins/.m2/repository/org/springframework/spring-websocket/5.3.18/spring-websocket-5.3.18.jar:/home/jcollins/.m2/repository/org/springframework/boot/spring-boot-test/2.6.6/spring-boot-test-2.6.6.jar:/home/jcollins/.m2/repository/org/springframework/security/spring-security-data/5.6.2/spring-security-data-5.6.2.jar:/home/jcollins/.m2/repository/org/springframework/security/spring-security-core/5.6.2/spring-security-core-5.6.2.jar:/home/jcollins/.m2/repository/org/springframework/security/spring-security-crypto/5.6.2/spring-security-crypto-5.6.2.jar:/home/jcollins/.m2/repository/org/springframework/data/spring-data-commons/2.6.3/spring-data-commons-2.6.3.jar:/home/jcollins/.m2/repository/org/springframework/security/spring-security-messaging/5.6.2/spring-security-messaging-5.6.2.jar:/home/jcollins/.m2/repository/org/springframework/spring-expression/5.3.18/spring-expression-5.3.18.jar:/home/jcollins/.m2/repository/org/springframework/security/spring-security-test/5.6.2/spring-security-test-5.6.2.jar:/home/jcollins/.m2/repository/org/zalando/problem-spring-web/0.24.0/problem-spring-web-0.24.0.jar:/home/jcollins/.m2/repository/org/zalando/problem-violations/0.24.0/problem-violations-0.24.0.jar:/home/jcollins/.m2/repository/org/zalando/problem-spring-common/0.24.0/problem-spring-common-0.24.0.jar:/home/jcollins/.m2/repository/org/apiguardian/apiguardian-api/1.0.0/apiguardian-api-1.0.0.jar:/home/jcollins/.m2/repository/com/google/code/findbugs/jsr305/3.0.2/jsr305-3.0.2.jar:/home/jcollins/.m2/repository/org/zalando/problem/0.22.0/problem-0.22.0.jar:/home/jcollins/.m2/repository/org/zalando/jackson-datatype-problem/0.22.0/jackson-datatype-problem-0.22.0.jar:/home/jcollins/.m2/repository/org/zalando/faux-pas/0.8.0/faux-pas-0.8.0.jar:/home/jcollins/.m2/repository/javax/validation/validation-api/2.0.1.Final/validation-api-2.0.1.Final.jar:/home/jcollins/.m2/repository/org/powertac/common/1.9.1-SNAPSHOT/common-1.9.1-SNAPSHOT.jar:/home/jcollins/.m2/repository/org/powertac/powertac-metadata/1.9.1-SNAPSHOT/powertac-metadata-1.9.1-SNAPSHOT.jar:/home/jcollins/.m2/repository/org/powertac/powertac-aop/1.9.1-SNAPSHOT/powertac-aop-1.9.1-SNAPSHOT.jar:/home/jcollins/.m2/repository/org/aspectj/aspectjrt/1.9.7/aspectjrt-1.9.7.jar:/home/jcollins/.m2/repository/commons-beanutils/commons-beanutils/1.9.4/commons-beanutils-1.9.4.jar:/home/jcollins/.m2/repository/commons-collections/commons-collections/3.2.2/commons-collections-3.2.2.jar:/home/jcollins/.m2/repository/javax/annotation/javax.annotation-api/1.3.2/javax.annotation-api-1.3.2.jar:/home/jcollins/.m2/repository/org/apache/logging/log4j/log4j-api/2.17.1/log4j-api-2.17.1.jar:/home/jcollins/.m2/repository/org/apache/logging/log4j/log4j-jcl/2.17.1/log4j-jcl-2.17.1.jar:/home/jcollins/.m2/repository/commons-logging/commons-logging/1.2/commons-logging-1.2.jar:/home/jcollins/.m2/repository/javax/jms/javax.jms-api/2.0.1/javax.jms-api-2.0.1.jar:/home/jcollins/.m2/repository/com/thoughtworks/xstream/xstream/1.4.19/xstream-1.4.19.jar:/home/jcollins/.m2/repository/io/github/x-stream/mxparser/1.2.2/mxparser-1.2.2.jar:/home/jcollins/.m2/repository/xmlpull/xmlpull/1.1.3.1/xmlpull-1.1.3.1.jar:/home/jcollins/.m2/repository/org/apache/commons/commons-configuration2/2.8.0/commons-configuration2-2.8.0.jar:/home/jcollins/.m2/repository/org/apache/commons/commons-text/1.9/commons-text-1.9.jar:/home/jcollins/.m2/repository/org/apache/commons/commons-lang3/3.9/commons-lang3-3.9.jar:/home/jcollins/.m2/repository/org/junit/jupiter/junit-jupiter/5.5.1/junit-jupiter-5.5.1.jar:/home/jcollins/.m2/repository/org/junit/jupiter/junit-jupiter-api/5.8.2/junit-jupiter-api-5.8.2.jar:/home/jcollins/.m2/repository/org/opentest4j/opentest4j/1.2.0/opentest4j-1.2.0.jar:/home/jcollins/.m2/repository/org/junit/platform/junit-platform-commons/1.8.2/junit-platform-commons-1.8.2.jar:/home/jcollins/.m2/repository/org/junit/jupiter/junit-jupiter-params/5.8.2/junit-jupiter-params-5.8.2.jar:/home/jcollins/.m2/repository/org/junit/jupiter/junit-jupiter-engine/5.8.2/junit-jupiter-engine-5.8.2.jar:/home/jcollins/.m2/repository/org/junit/platform/junit-platform-engine/1.8.2/junit-platform-engine-1.8.2.jar:/home/jcollins/.m2/repository/org/apache/maven/surefire/surefire-junit-platform/2.22.2/surefire-junit-platform-2.22.2.jar:/home/jcollins/.m2/repository/org/junit/platform/junit-platform-launcher/1.3.1/junit-platform-launcher-1.3.1.jar"/>
    <property name="java.vm.vendor" value="Ubuntu"/>
    <property name="sun.arch.data.model" value="64"/>
    <property name="java.vendor.url" value="https://ubuntu.com/"/>
    <property name="user.timezone" value=""/>
    <property name="java.vm.specification.version" value="11"/>
    <property name="os.name" value="Linux"/>
    <property name="sun.java.launcher" value="SUN_STANDARD"/>
    <property name="user.country" value="US"/>
    <property name="sun.boot.library.path" value="/usr/lib/jvm/java-11-openjdk-amd64/lib"/>
    <property name="sun.java.command" value="org.apache.maven.surefire.booter.ForkedBooter /home/jcollins/development/powertac/powertac-server/visualizer2/target/surefire 2023-09-25T10-42-25_790-jvmRun1 surefire7236428993165171736tmp surefire_04788556199192203127tmp"/>
    <property name="jdk.debug" value="release"/>
    <property name="surefire.test.class.path" value="/home/jcollins/development/powertac/powertac-server/visualizer2/target/test-classes:/home/jcollins/development/powertac/powertac-server/visualizer2/target/classes:/home/jcollins/development/powertac/powertac-server/server-interface/target/server-interface-1.9.1-SNAPSHOT.jar:/home/jcollins/development/powertac/powertac-server/logtool-core/target/logtool-core-1.9.1-SNAPSHOT.jar:/home/jcollins/development/powertac/powertac-server/default-broker/target/default-broker-1.9.1-SNAPSHOT.jar:/home/jcollins/development/powertac/powertac-server/customer-models/target/customer-models-1.9.1-SNAPSHOT.jar:/home/jcollins/.m2/repository/org/apache/commons/commons-math3/3.6.1/commons-math3-3.6.1.jar:/home/jcollins/.m2/repository/com/joptimizer/joptimizer/3.5.1/joptimizer-3.5.1.jar:/home/jcollins/.m2/repository/colt/colt/1.2.0/colt-1.2.0.jar:/home/jcollins/.m2/repository/concurrent/concurrent/1.3.4/concurrent-1.3.4.jar:/home/jcollins/.m2/repository/net/sourceforge/csparsej/csparsej/1.1.1/csparsej-1.1.1.jar:/home/jcollins/.m2/repository/org/apache/commons/commons-csv/1.3/commons-csv-1.3.jar:/home/jcollins/development/powertac/powertac-server/evcustomer/target/evcustomer-1.9.1-SNAPSHOT.jar:/home/jcollins/development/powertac/powertac-server/factored-customer/target/factored-customer-1.9.1-SNAPSHOT.jar:/home/jcollins/development/powertac/powertac-server/genco/target/genco-1.9.1-SNAPSHOT.jar:/home/jcollins/.m2/repository/org/apache/commons/commons-compress/1.21/commons-compress-1.21.jar:/home/jcollins/development/powertac/powertac-server/server-main/target/server-main-1.9.1-SNAPSHOT.jar:/home/jcollins/development/powertac/powertac-server/accounting/target/accounting-1.9.1-SNAPSHOT.jar:/home/jcollins/development/powertac/powertac-server/auctioneer/target/auctioneer-1.9.1-SNAPSHOT.jar:/home/jcollins/development/powertac/powertac-server/distribution-utility/target/distribution-utility-1.9.1-SNAPSHOT.jar:/home/jcollins/development/powertac/powertac-server/household-customer/target/household-customer-1.9.1-SNAPSHOT.jar:/home/jcollins/development/powertac/powertac-server/officecomplex-customer/target/officecomplex-customer-1.9.1-SNAPSHOT.jar:/home/jcollins/development/powertac/powertac-server/balancing-market/target/balancing-market-1.9.1-SNAPSHOT.jar:/home/jcollins/.m2/repository/org/springframework/spring-jms/5.3.20/spring-jms-5.3.20.jar:/home/jcollins/.m2/repository/org/springframework/spring-tx/5.3.18/spring-tx-5.3.18.jar:/home/jcollins/.m2/repository/org/apache/activemq/activemq-broker/5.15.11/activemq-broker-5.15.11.jar:/home/jcollins/.m2/repository/org/apache/activemq/activemq-client/5.16.4/activemq-client-5.16.4.jar:/home/jcollins/.m2/repository/org/apache/geronimo/specs/geronimo-jms_1.1_spec/1.1.1/geronimo-jms_1.1_spec-1.1.1.jar:/home/jcollins/.m2/repository/org/fusesource/hawtbuf/hawtbuf/1.11/hawtbuf-1.11.jar:/home/jcollins/.m2/repository/org/apache/geronimo/specs/geronimo-j2ee-management_1.1_spec/1.0.1/geronimo-j2ee-management_1.1_spec-1.0.1.jar:/home/jcollins/.m2/repository/org/apache/activemq/activemq-openwire-legacy/5.16.4/activemq-openwire-legacy-5.16.4.jar:/home/jcollins/.m2/repository/com/google/guava/guava/28.0-jre/guava-28.0-jre.jar:/home/jcollins/.m2/repository/com/google/guava/failureaccess/1.0.1/failureaccess-1.0.1.jar:/home/jcollins/.m2/repository/com/google/guava/listenablefuture/9999.0-empty-to-avoid-conflict-with-guava/listenablefuture-9999.0-empty-to-avoid-conflict-with-guava.jar:/home/jcollins/.m2/repository/org/checkerframework/checker-qual/2.8.1/checker-qual-2.8.1.jar:/home/jcollins/.m2/repository/com/google/errorprone/error_prone_annotations/2.3.2/error_prone_annotations-2.3.2.jar:/home/jcollins/.m2/repository/com/google/j2objc/j2objc-annotations/1.3/j2objc-annotations-1.3.jar:/home/jcollins/.m2/repository/org/codehaus/mojo/animal-sniffer-annotations/1.17/animal-sniffer-annotations-1.17.jar:/home/jcollins/.m2/repository/org/apache/activemq/activemq-pool/5.15.11/activemq-pool-5.15.11.jar:/home/jcollins/.m2/repository/org/apache/activemq/activemq-jms-pool/5.16.4/activemq-jms-pool-5.16.4.jar:/home/jcollins/.m2/repository/org/apache/geronimo/specs/geronimo-jta_1.1_spec/1.1.1/geronimo-jta_1.1_spec-1.1.1.jar:/home/jcollins/.m2/repository/org/apache/commons/commons-pool2/2.11.1/commons-pool2-2.11.1.jar:/home/jcollins/.m2/repository/net/sf/jopt-simple/jopt-simple/5.0.4/jopt-simple-5.0.4.jar:/home/jcollins/.m2/repository/com/fasterxml/jackson/datatype/jackson-datatype-hibernate5/2.13.2/jackson-datatype-hibernate5-2.13.2.jar:/home/jcollins/.m2/repository/javax/transaction/javax.transaction-api/1.3/javax.transaction-api-1.3.jar:/home/jcollins/.m2/repository/com/fasterxml/jackson/core/jackson-core/2.13.2/jackson-core-2.13.2.jar:/home/jcollins/.m2/repository/com/fasterxml/jackson/core/jackson-databind/2.13.2.2/jackson-databind-2.13.2.2.jar:/home/jcollins/.m2/repository/com/fasterxml/jackson/datatype/jackson-datatype-hppc/2.13.2/jackson-datatype-hppc-2.13.2.jar:/home/jcollins/.m2/repository/com/carrotsearch/hppc/0.8.1/hppc-0.8.1.jar:/home/jcollins/.m2/repository/com/fasterxml/jackson/datatype/jackson-datatype-json-org/2.13.2/jackson-datatype-json-org-2.13.2.jar:/home/jcollins/.m2/repository/com/fasterxml/jackson/datatype/jackson-datatype-jsr310/2.13.2/jackson-datatype-jsr310-2.13.2.jar:/home/jcollins/.m2/repository/com/fasterxml/jackson/core/jackson-annotations/2.13.2/jackson-annotations-2.13.2.jar:/home/jcollins/.m2/repository/com/fasterxml/jackson/datatype/jackson-datatype-joda/2.13.2/jackson-datatype-joda-2.13.2.jar:/home/jcollins/.m2/repository/joda-time/joda-time/2.10.3/joda-time-2.10.3.jar:/home/jcollins/.m2/repository/com/h2database/h2/1.4.200/h2-1.4.200.jar:/home/jcollins/.m2/repository/com/jayway/jsonpath/json-path/2.6.0/json-path-2.6.0.jar:/home/jcollins/.m2/repository/net/minidev/json-smart/2.4.8/json-smart-2.4.8.jar:/home/jcollins/.m2/repository/net/minidev/accessors-smart/2.4.8/accessors-smart-2.4.8.jar:/home/jcollins/.m2/repository/org/ow2/asm/asm/9.1/asm-9.1.jar:/home/jcollins/.m2/repository/org/slf4j/slf4j-api/1.7.28/slf4j-api-1.7.28.jar:/home/jcollins/.m2/repository/com/mattbertolini/liquibase-slf4j/2.0.0/liquibase-slf4j-2.0.0.jar:/home/jcollins/.m2/repository/com/ryantenney/metrics/metrics-spring/3.1.3/metrics-spring-3.1.3.jar:/home/jcollins/.m2/repository/io/dropwizard/metrics/metrics-healthchecks/4.2.9/metrics-healthchecks-4.2.9.jar:/home/jcollins/.m2/repository/org/springframework/spring-core/5.3.20/spring-core-5.3.20.jar:/home/jcollins/.m2/repository/org/springframework/spring-jcl/5.3.18/spring-jcl-5.3.18.jar:/home/jcollins/.m2/repository/org/springframework/spring-beans/5.3.20/spring-beans-5.3.20.jar:/home/jcollins/.m2/repository/org/springframework/spring-aop/5.3.20/spring-aop-5.3.20.jar:/home/jcollins/.m2/repository/com/zaxxer/HikariCP/3.3.1/HikariCP-3.3.1.jar:/home/jcollins/.m2/repository/commons-io/commons-io/2.7/commons-io-2.7.jar:/home/jcollins/.m2/repository/io/dropwizard/metrics/metrics-annotation/4.2.9/metrics-annotation-4.2.9.jar:/home/jcollins/.m2/repository/io/dropwizard/metrics/metrics-core/4.2.9/metrics-core-4.2.9.jar:/home/jcollins/.m2/repository/io/dropwizard/metrics/metrics-json/4.2.9/metrics-json-4.2.9.jar:/home/jcollins/.m2/repository/io/dropwizard/metrics/metrics-jvm/4.2.9/metrics-jvm-4.2.9.jar:/home/jcollins/.m2/repository/io/dropwizard/metrics/metrics-servlet/4.2.9/metrics-servlet-4.2.9.jar:/home/jcollins/.m2/repository/io/dropwizard/metrics/metrics-servlets/4.2.9/metrics-servlets-4.2.9.jar:/home/jcollins/.m2/repository/com/helger/profiler/1.1.1/profiler-1.1.1.jar:/home/jcollins/.m2/repository/io/prometheus/simpleclient/0.6.0/simpleclient-0.6.0.jar:/home/jcollins/.m2/repository/io/prometheus/simpleclient_dropwizard/0.6.0/simpleclient_dropwizard-0.6.0.jar:/home/jcollins/.m2/repository/io/prometheus/simpleclient_servlet/0.6.0/simpleclient_servlet-0.6.0.jar:/home/jcollins/.m2/repository/io/prometheus/simpleclient_common/0.12.0/simpleclient_common-0.12.0.jar:/home/jcollins/.m2/repository/io/github/jhipster/jhipster/1.3.1/jhipster-1.3.1.jar:/home/jcollins/.m2/repository/javax/cache/cache-api/1.1.1/cache-api-1.1.1.jar:/home/jcollins/.m2/repository/mysql/mysql-connector-java/8.0.28/mysql-connector-java-8.0.28.jar:/home/jcollins/.m2/repository/org/assertj/assertj-core/3.13.2/assertj-core-3.13.2.jar:/home/jcollins/.m2/repository/org/mockito/mockito-core/3.12.4/mockito-core-3.12.4.jar:/home/jcollins/.m2/repository/net/bytebuddy/byte-buddy/1.11.22/byte-buddy-1.11.22.jar:/home/jcollins/.m2/repository/net/bytebuddy/byte-buddy-agent/1.11.22/byte-buddy-agent-1.11.22.jar:/home/jcollins/.m2/repository/org/objenesis/objenesis/3.2/objenesis-3.2.jar:/home/jcollins/.m2/repository/org/awaitility/awaitility/3.1.6/awaitility-3.1.6.jar:/home/jcollins/.m2/repository/org/hamcrest/hamcrest-library/2.2/hamcrest-library-2.2.jar:/home/jcollins/.m2/repository/org/hamcrest/hamcrest-core/2.2/hamcrest-core-2.2.jar:/home/jcollins/.m2/repository/org/ehcache/ehcache/3.9.9/ehcache-3.9.9.jar:/home/jcollins/.m2/repository/org/hibernate/hibernate-envers/5.4.24.Final/hibernate-envers-5.4.24.Final.jar:/home/jcollins/.m2/repository/org/jboss/logging/jboss-logging/3.4.3.Final/jboss-logging-3.4.3.Final.jar:/home/jcollins/.m2/repository/org/hibernate/hibernate-core/5.4.24.Final/hibernate-core-5.4.24.Final.jar:/home/jcollins/.m2/repository/javax/persistence/javax.persistence-api/2.2/javax.persistence-api-2.2.jar:/home/jcollins/.m2/repository/antlr/antlr/2.7.7/antlr-2.7.7.jar:/home/jcollins/.m2/repository/org/jboss/spec/javax/transaction/jboss-transaction-api_1.2_spec/1.1.1.Final/jboss-transaction-api_1.2_spec-1.1.1.Final.jar:/home/jcollins/.m2/repository/org/jboss/jandex/2.1.3.Final/jandex-2.1.3.Final.jar:/home/jcollins/.m2/repository/javax/activation/javax.activation-api/1.2.0/javax.activation-api-1.2.0.jar:/home/jcollins/.m2/repository/org/dom4j/dom4j/2.1.3/dom4j-2.1.3.jar:/home/jcollins/.m2/repository/org/hibernate/common/hibernate-commons-annotations/5.1.2.Final/hibernate-commons-annotations-5.1.2.Final.jar:/home/jcollins/.m2/repository/org/glassfish/jaxb/jaxb-runtime/2.3.6/jaxb-runtime-2.3.6.jar:/home/jcollins/.m2/repository/org/glassfish/jaxb/txw2/2.3.6/txw2-2.3.6.jar:/home/jcollins/.m2/repository/com/sun/istack/istack-commons-runtime/3.0.12/istack-commons-runtime-3.0.12.jar:/home/jcollins/.m2/repository/org/hibernate/hibernate-jcache/5.6.7.Final/hibernate-jcache-5.6.7.Final.jar:/home/jcollins/.m2/repository/org/hibernate/validator/hibernate-validator/6.2.3.Final/hibernate-validator-6.2.3.Final.jar:/home/jcollins/.m2/repository/jakarta/validation/jakarta.validation-api/2.0.2/jakarta.validation-api-2.0.2.jar:/home/jcollins/.m2/repository/com/fasterxml/classmate/1.5.1/classmate-1.5.1.jar:/home/jcollins/.m2/repository/org/liquibase/liquibase-core/4.5.0/liquibase-core-4.5.0.jar:/home/jcollins/.m2/repository/javax/xml/bind/jaxb-api/2.3.1/jaxb-api-2.3.1.jar:/home/jcollins/.m2/repository/org/javassist/javassist/3.25.0-GA/javassist-3.25.0-GA.jar:/home/jcollins/.m2/repository/org/mapstruct/mapstruct/1.4.0.Final/mapstruct-1.4.0.Final.jar:/home/jcollins/.m2/repository/org/springframework/spring-context-support/5.3.18/spring-context-support-5.3.18.jar:/home/jcollins/.m2/repository/org/springframework/spring-context/5.3.20/spring-context-5.3.20.jar:/home/jcollins/.m2/repository/org/springframework/boot/spring-boot-actuator/2.6.6/spring-boot-actuator-2.6.6.jar:/home/jcollins/.m2/repository/org/springframework/boot/spring-boot/2.6.6/spring-boot-2.6.6.jar:/home/jcollins/.m2/repository/org/springframework/boot/spring-boot-autoconfigure/2.6.6/spring-boot-autoconfigure-2.6.6.jar:/home/jcollins/.m2/repository/org/springframework/boot/spring-boot-configuration-processor/2.6.6/spring-boot-configuration-processor-2.6.6.jar:/home/jcollins/.m2/repository/org/springframework/boot/spring-boot-loader-tools/2.6.6/spring-boot-loader-tools-2.6.6.jar:/home/jcollins/.m2/repository/org/springframework/boot/spring-boot-starter-aop/2.6.6/spring-boot-starter-aop-2.6.6.jar:/home/jcollins/.m2/repository/org/springframework/boot/spring-boot-starter/2.6.6/spring-boot-starter-2.6.6.jar:/home/jcollins/.m2/repository/org/yaml/snakeyaml/1.29/snakeyaml-1.29.jar:/home/jcollins/.m2/repository/org/aspectj/aspectjweaver/1.9.7/aspectjweaver-1.9.7.jar:/home/jcollins/.m2/repository/org/springframework/boot/spring-boot-starter-data-jpa/2.6.6/spring-boot-starter-data-jpa-2.6.6.jar:/home/jcollins/.m2/repository/org/springframework/boot/spring-boot-starter-jdbc/2.6.6/spring-boot-starter-jdbc-2.6.6.jar:/home/jcollins/.m2/repository/org/springframework/spring-jdbc/5.3.18/spring-jdbc-5.3.18.jar:/home/jcollins/.m2/repository/jakarta/transaction/jakarta.transaction-api/1.3.3/jakarta.transaction-api-1.3.3.jar:/home/jcollins/.m2/repository/jakarta/persistence/jakarta.persistence-api/2.2.3/jakarta.persistence-api-2.2.3.jar:/home/jcollins/.m2/repository/org/springframework/data/spring-data-jpa/2.6.3/spring-data-jpa-2.6.3.jar:/home/jcollins/.m2/repository/org/springframework/spring-orm/5.3.18/spring-orm-5.3.18.jar:/home/jcollins/.m2/repository/org/springframework/spring-aspects/5.3.18/spring-aspects-5.3.18.jar:/home/jcollins/.m2/repository/org/springframework/boot/spring-boot-starter-log4j2/2.6.6/spring-boot-starter-log4j2-2.6.6.jar:/home/jcollins/.m2/repository/org/apache/logging/log4j/log4j-slf4j-impl/2.17.1/log4j-slf4j-impl-2.17.1.jar:/home/jcollins/.m2/repository/org/apache/logging/log4j/log4j-core/2.17.1/log4j-core-2.17.1.jar:/home/jcollins/.m2/repository/org/apache/logging/log4j/log4j-jul/2.17.2/log4j-jul-2.17.2.jar:/home/jcollins/.m2/repository/org/slf4j/jul-to-slf4j/1.7.36/jul-to-slf4j-1.7.36.jar:/home/jcollins/.m2/repository/org/springframework/boot/spring-boot-starter-mail/2.6.6/spring-boot-starter-mail-2.6.6.jar:/home/jcollins/.m2/repository/com/sun/mail/jakarta.mail/1.6.7/jakarta.mail-1.6.7.jar:/home/jcollins/.m2/repository/com/sun/activation/jakarta.activation/1.2.2/jakarta.activation-1.2.2.jar:/home/jcollins/.m2/repository/org/springframework/boot/spring-boot-starter-security/2.6.6/spring-boot-starter-security-2.6.6.jar:/home/jcollins/.m2/repository/org/springframework/security/spring-security-config/5.6.2/spring-security-config-5.6.2.jar:/home/jcollins/.m2/repository/org/springframework/security/spring-security-web/5.6.2/spring-security-web-5.6.2.jar:/home/jcollins/.m2/repository/org/springframework/boot/spring-boot-starter-test/2.6.6/spring-boot-starter-test-2.6.6.jar:/home/jcollins/.m2/repository/org/springframework/boot/spring-boot-test-autoconfigure/2.6.6/spring-boot-test-autoconfigure-2.6.6.jar:/home/jcollins/.m2/repository/jakarta/xml/bind/jakarta.xml.bind-api/2.3.3/jakarta.xml.bind-api-2.3.3.jar:/home/jcollins/.m2/repository/jakarta/activation/jakarta.activation-api/1.2.2/jakarta.activation-api-1.2.2.jar:/home/jcollins/.m2/repository/org/hamcrest/hamcrest/2.2/hamcrest-2.2.jar:/home/jcollins/.m2/repository/org/mockito/mockito-junit-jupiter/4.0.0/mockito-junit-jupiter-4.0.0.jar:/home/jcollins/.m2/repository/org/skyscreamer/jsonassert/1.5.0/jsonassert-1.5.0.jar:/home/jcollins/.m2/repository/com/vaadin/external/google/android-json/0.0.20131108.vaadin1/android-json-0.0.20131108.vaadin1.jar:/home/jcollins/.m2/repository/org/springframework/spring-test/5.3.20/spring-test-5.3.20.jar:/home/jcollins/.m2/repository/org/xmlunit/xmlunit-core/2.8.4/xmlunit-core-2.8.4.jar:/home/jcollins/.m2/repository/org/springframework/boot/spring-boot-starter-web/2.6.6/spring-boot-starter-web-2.6.6.jar:/home/jcollins/.m2/repository/org/springframework/boot/spring-boot-starter-json/2.6.6/spring-boot-starter-json-2.6.6.jar:/home/jcollins/.m2/repository/com/fasterxml/jackson/datatype/jackson-datatype-jdk8/2.13.2/jackson-datatype-jdk8-2.13.2.jar:/home/jcollins/.m2/repository/com/fasterxml/jackson/module/jackson-module-parameter-names/2.13.2/jackson-module-parameter-names-2.13.2.jar:/home/jcollins/.m2/repository/org/springframework/spring-web/5.3.18/spring-web-5.3.18.jar:/home/jcollins/.m2/repository/org/springframework/spring-webmvc/5.3.18/spring-webmvc-5.3.18.jar:/home/jcollins/.m2/repository/org/springframework/boot/spring-boot-starter-tomcat/2.6.6/spring-boot-starter-tomcat-2.6.6.jar:/home/jcollins/.m2/repository/jakarta/annotation/jakarta.annotation-api/1.3.5/jakarta.annotation-api-1.3.5.jar:/home/jcollins/.m2/repository/org/apache/tomcat/embed/tomcat-embed-core/9.0.60/tomcat-embed-core-9.0.60.jar:/home/jcollins/.m2/repository/org/apache/tomcat/embed/tomcat-embed-el/9.0.60/tomcat-embed-el-9.0.60.jar:/home/jcollins/.m2/repository/org/apache/tomcat/embed/tomcat-embed-websocket/9.0.60/tomcat-embed-websocket-9.0.60.jar:/home/jcollins/.m2/repository/org/glassfish/jakarta.el/3.0.4/jakarta.el-3.0.4.jar:/home/jcollins/.m2/repository/org/springframework/boot/spring-boot-starter-websocket/2.6.6/spring-boot-starter-websocket-2.6.6.jar:/home/jcollins/.m2/repository/org/springframework/spring-messaging/5.3.18/spring-messaging-5.3.18.jar:/home/jcollins/.m2/repository/org/springframework/spring-websocket/5.3.18/spring-websocket-5.3.18.jar:/home/jcollins/.m2/repository/org/springframework/boot/spring-boot-test/2.6.6/spring-boot-test-2.6.6.jar:/home/jcollins/.m2/repository/org/springframework/security/spring-security-data/5.6.2/spring-security-data-5.6.2.jar:/home/jcollins/.m2/repository/org/springframework/security/spring-security-core/5.6.2/spring-security-core-5.6.2.jar:/home/jcollins/.m2/repository/org/springframework/security/spring-security-crypto/5.6.2/spring-security-crypto-5.6.2.jar:/home/jcollins/.m2/repository/org/springframework/data/spring-data-commons/2.6.3/spring-data-commons-2.6.3.jar:/home/jcollins/.m2/repository/org/springframework/security/spring-security-messaging/5.6.2/spring-security-messaging-5.6.2.jar:/home/jcollins/.m2/repository/org/springframework/spring-expression/5.3.18/spring-expression-5.3.18.jar:/home/jcollins/.m2/repository/org/springframework/security/spring-security-test/5.6.2/spring-security-test-5.6.2.jar:/home/jcollins/.m2/repository/org/zalando/problem-spring-web/0.24.0/problem-spring-web-0.24.0.jar:/home/jcollins/.m2/repository/org/zalando/problem-violations/0.24.0/problem-violations-0.24.0.jar:/home/jcollins/.m2/repository/org/zalando/problem-spring-common/0.24.0/problem-spring-common-0.24.0.jar:/home/jcollins/.m2/repository/org/apiguardian/apiguardian-api/1.0.0/apiguardian-api-1.0.0.jar:/home/jcollins/.m2/repository/com/google/code/findbugs/jsr305/3.0.2/jsr305-3.0.2.jar:/home/jcollins/.m2/repository/org/zalando/problem/0.22.0/problem-0.22.0.jar:/home/jcollins/.m2/repository/org/zalando/jackson-datatype-problem/0.22.0/jackson-datatype-problem-0.22.0.jar:/home/jcollins/.m2/repository/org/zalando/faux-pas/0.8.0/faux-pas-0.8.0.jar:/home/jcollins/.m2/repository/javax/validation/validation-api/2.0.1.Final/validation-api-2.0.1.Final.jar:/home/jcollins/.m2/repository/org/powertac/common/1.9.1-SNAPSHOT/common-1.9.1-SNAPSHOT.jar:/home/jcollins/.m2/repository/org/powertac/powertac-metadata/1.9.1-SNAPSHOT/powertac-metadata-1.9.1-SNAPSHOT.jar:/home/jcollins/.m2/repository/org/powertac/powertac-aop/1.9.1-SNAPSHOT/powertac-aop-1.9.1-SNAPSHOT.jar:/home/jcollins/.m2/repository/org/aspectj/aspectjrt/1.9.7/aspectjrt-1.9.7.jar:/home/jcollins/.m2/repository/commons-beanutils/commons-beanutils/1.9.4/commons-beanutils-1.9.4.jar:/home/jcollins/.m2/repository/commons-collections/commons-collections/3.2.2/commons-collections-3.2.2.jar:/home/jcollins/.m2/repository/javax/annotation/javax.annotation-api/1.3.2/javax.annotation-api-1.3.2.jar:/home/jcollins/.m2/repository/org/apache/logging/log4j/log4j-api/2.17.1/log4j-api-2.17.1.jar:/home/jcollins/.m2/repository/org/apache/logging/log4j/log4j-jcl/2.17.1/log4j-jcl-2.17.1.jar:/home/jcollins/.m2/repository/commons-logging/commons-logging/1.2/commons-logging-1.2.jar:/home/jcollins/.m2/repository/javax/jms/javax.jms-api/2.0.1/javax.jms-api-2.0.1.jar:/home/jcollins/.m2/repository/com/thoughtworks/xstream/xstream/1.4.19/xstream-1.4.19.jar:/home/jcollins/.m2/repository/io/github/x-stream/mxparser/1.2.2/mxparser-1.2.2.jar:/home/jcollins/.m2/repository/xmlpull/xmlpull/1.1.3.1/xmlpull-1.1.3.1.jar:/home/jcollins/.m2/repository/org/apache/commons/commons-configuration2/2.8.0/commons-configuration2-2.8.0.jar:/home/jcollins/.m2/repository/org/apache/commons/commons-text/1.9/commons-text-1.9.jar:/home/jcollins/.m2/repository/org/apache/commons/commons-lang3/3.9/commons-lang3-3.9.jar:/home/jcollins/.m2/repository/org/junit/jupiter/junit-jupiter/5.5.1/junit-jupiter-5.5.1.jar:/home/jcollins/.m2/repository/org/junit/jupiter/junit-jupiter-api/5.8.2/junit-jupiter-api-5.8.2.jar:/home/jcollins/.m2/repository/org/opentest4j/opentest4j/1.2.0/opentest4j-1.2.0.jar:/home/jcollins/.m2/repository/org/junit/platform/junit-platform-commons/1.8.2/junit-platform-commons-1.8.2.jar:/home/jcollins/.m2/repository/org/junit/jupiter/junit-jupiter-params/5.8.2/junit-jupiter-params-5.8.2.jar:/home/jcollins/.m2/repository/org/junit/jupiter/junit-jupiter-engine/5.8.2/junit-jupiter-engine-5.8.2.jar:/home/jcollins/.m2/repository/org/junit/platform/junit-platform-engine/1.8.2/junit-platform-engine-1.8.2.jar:"/>
    <property name="sun.cpu.endian" value="little"/>
    <property name="user.home" value="/home/jcollins"/>
    <property name="user.language" value="en"/>
    <property name="java.specification.vendor" value="Oracle Corporation"/>
    <property name="java.version.date" value="2023-04-18"/>
    <property name="java.home" value="/usr/lib/jvm/java-11-openjdk-amd64"/>
    <property name="file.separator" value="/"/>
    <property name="basedir" value="/home/jcollins/development/powertac/powertac-server/visualizer2"/>
    <property name="java.vm.compressedOopsMode" value="Zero based"/>
    <property name="line.separator" value="&#10;"/>
    <property name="java.specification.name" value="Java Platform API Specification"/>
    <property name="java.vm.specification.vendor" value="Oracle Corporation"/>
    <property name="java.awt.graphicsenv" value="sun.awt.X11GraphicsEnvironment"/>
    <property name="sun.management.compiler" value="HotSpot 64-Bit Tiered Compilers"/>
    <property name="java.runtime.version" value="11.0.19+7-post-Ubuntu-0ubuntu122.04.1"/>
    <property name="user.name" value="jcollins"/>
    <property name="path.separator" value=":"/>
    <property name="os.version" value="6.2.6-76060206-generic"/>
    <property name="java.runtime.name" value="OpenJDK Runtime Environment"/>
    <property name="file.encoding" value="UTF-8"/>
    <property name="java.vm.name" value="OpenJDK 64-Bit Server VM"/>
    <property name="localRepository" value="/home/jcollins/.m2/repository"/>
    <property name="java.vendor.url.bug" value="https://bugs.launchpad.net/ubuntu/+source/openjdk-lts"/>
    <property name="java.io.tmpdir" value="/tmp"/>
    <property name="java.version" value="11.0.19"/>
    <property name="user.dir" value="/home/jcollins/development/powertac/powertac-server/visualizer2"/>
    <property name="os.arch" value="amd64"/>
    <property name="java.vm.specification.name" value="Java Virtual Machine Specification"/>
    <property name="java.awt.printerjob" value="sun.print.PSPrinterJob"/>
    <property name="sun.os.patch.level" value="unknown"/>
    <property name="java.library.path" value="/usr/java/packages/lib:/usr/lib/x86_64-linux-gnu/jni:/lib/x86_64-linux-gnu:/usr/lib/x86_64-linux-gnu:/usr/lib/jni:/lib:/usr/lib"/>
    <property name="java.vm.info" value="mixed mode, sharing"/>
    <property name="java.vendor" value="Ubuntu"/>
    <property name="java.vm.version" value="11.0.19+7-post-Ubuntu-0ubuntu122.04.1"/>
    <property name="sun.io.unicode.encoding" value="UnicodeLittle"/>
    <property name="java.class.version" value="55.0"/>
  </properties>
  <testcase name="equalsVerifier" classname="org.powertac.visualizer.web.rest.UserResourceIntTest" time="0.002"/>
  <testcase name="testGetUnknownUser" classname="org.powertac.visualizer.web.rest.UserResourceIntTest" time="0.015"/>
  <testcase name="testGetExistingUser" classname="org.powertac.visualizer.web.rest.UserResourceIntTest" time="0.01"/>
</testsuite>